<?xml version="1.0" encoding="UTF-8" ?>
<testsuite tests="6" failures="1" name="com.mycompany.cse222_hw03_2017.myStringBuilderTest" time="0.234" errors="0" skipped="0">
  <properties>
[...]
</properties>
  <testcase classname="com.mycompany.cse222_hw03_2017.myStringBuilderTest" name="testToString_Linked" time="0.032"/>
  <testcase classname="com.mycompany.cse222_hw03_2017.myStringBuilderTest" name="testToString_index" time="0"/>
  <testcase classname="com.mycompany.cse222_hw03_2017.myStringBuilderTest" name="testToString" time="0"/>
  <testcase classname="com.mycompany.cse222_hw03_2017.myStringBuilderTest" name="testGetSingleLinkedlist" time="0.031"/>
  <testcase classname="com.mycompany.cse222_hw03_2017.myStringBuilderTest" name="testToString_iterator" time="0"/>
  <testcase classname="com.mycompany.cse222_hw03_2017.myStringBuilderTest" name="testAppend" time="0.016">
    <failure message="expected: com.mycompany.cse222_hw03_2017.SingleLinkedList&lt;&gt; but was: com.mycompany.cse222_hw03_2017.SingleLinkedList&lt;&gt;" type="java.lang.AssertionError">java.lang.AssertionError: expected: com.mycompany.cse222_hw03_2017.SingleLinkedList&lt;&gt; but was: com.mycompany.cse222_hw03_2017.SingleLinkedList&lt;&gt;
	at org.junit.Assert.fail(Assert.java:88)
	at org.junit.Assert.failNotEquals(Assert.java:834)
	at org.junit.Assert.assertEquals(Assert.java:118)
	at org.junit.Assert.assertEquals(Assert.java:144)
	at com.mycompany.cse222_hw03_2017.myStringBuilderTest.testAppend(myStringBuilderTest.java:70)
	at sun.reflect.NativeMethodAccessorImpl.invoke0(Native Method)
	at sun.reflect.NativeMethodAccessorImpl.invoke(NativeMethodAccessorImpl.java:62)
	at sun.reflect.DelegatingMethodAccessorImpl.invoke(DelegatingMethodAccessorImpl.java:43)
	at java.lang.reflect.Method.invoke(Method.java:498)
	at org.junit.runners.model.FrameworkMethod$1.runReflectiveCall(FrameworkMethod.java:50)
	at org.junit.internal.runners.model.ReflectiveCallable.run(ReflectiveCallable.java:12)
	at org.junit.runners.model.FrameworkMethod.invokeExplosively(FrameworkMethod.java:47)
	at org.junit.internal.runners.statements.InvokeMethod.evaluate(InvokeMethod.java:17)
	at org.junit.internal.runners.statements.RunBefores.evaluate(RunBefores.java:26)
	at org.junit.internal.runners.statements.RunAfters.evaluate(RunAfters.java:27)
	at org.junit.runners.ParentRunner.runLeaf(ParentRunner.java:325)
	at org.junit.runners.BlockJUnit4ClassRunner.runChild(BlockJUnit4ClassRunner.java:78)
	at org.junit.runners.BlockJUnit4ClassRunner.runChild(BlockJUnit4ClassRunner.java:57)
	at org.junit.runners.ParentRunner$3.run(ParentRunner.java:290)
	at org.junit.runners.ParentRunner$1.schedule(ParentRunner.java:71)
	at org.junit.runners.ParentRunner.runChildren(ParentRunner.java:288)
	at org.junit.runners.ParentRunner.access$000(ParentRunner.java:58)
	at org.junit.runners.ParentRunner$2.evaluate(ParentRunner.java:268)
	at org.junit.internal.runners.statements.RunBefores.evaluate(RunBefores.java:26)
	at org.junit.internal.runners.statements.RunAfters.evaluate(RunAfters.java:27)
	at org.junit.runners.ParentRunner.run(ParentRunner.java:363)
	at org.apache.maven.surefire.junit4.JUnit4TestSet.execute(JUnit4TestSet.java:53)
	at org.apache.maven.surefire.junit4.JUnit4Provider.executeTestSet(JUnit4Provider.java:123)
	at org.apache.maven.surefire.junit4.JUnit4Provider.invoke(JUnit4Provider.java:104)
	at sun.reflect.NativeMethodAccessorImpl.invoke0(Native Method)
	at sun.reflect.NativeMethodAccessorImpl.invoke(NativeMethodAccessorImpl.java:62)
	at sun.reflect.DelegatingMethodAccessorImpl.invoke(DelegatingMethodAccessorImpl.java:43)
	at java.lang.reflect.Method.invoke(Method.java:498)
	at org.apache.maven.surefire.util.ReflectionUtils.invokeMethodWithArray(ReflectionUtils.java:164)
	at org.apache.maven.surefire.booter.ProviderFactory$ProviderProxy.invoke(ProviderFactory.java:110)
	at org.apache.maven.surefire.booter.SurefireStarter.invokeProvider(SurefireStarter.java:175)
	at org.apache.maven.surefire.booter.SurefireStarter.runSuitesInProcessWhenForked(SurefireStarter.java:107)
	at org.apache.maven.surefire.booter.ForkedBooter.main(ForkedBooter.java:68)
</failure>
    <system-out>append
-12
--12
-
</system-out>
  </testcase>
</testsuite>